<?xml version="1.0" encoding="UTF-8"?>
<!-- Generated by org.testng.reporters.JUnitReportReporter -->
<testsuite skipped="0" hostname="DESKTOP-R0SKLPQ" name="appiumTest.createUser" tests="1" failures="0" timestamp="06 Jun 2019 19:26:24 GMT" time="118.746" errors="0">
  <testcase name="createStandartUser" time="118.746" classname="appiumTest.createUser"/>
</testsuite> <!-- appiumTest.createUser -->
