<?xml version="1.0" encoding="UTF-8"?>
<!-- Generated by org.testng.reporters.JUnitReportReporter -->
<testsuite skipped="0" hostname="DESKTOP-R0SKLPQ" name="appiumTest.createExpert" tests="1" failures="0" timestamp="06 Jun 2019 20:32:38 GMT" time="47.172" errors="0">
  <testcase name="createExpertProfile" time="47.172" classname="appiumTest.createExpert"/>
</testsuite> <!-- appiumTest.createExpert -->
