<?xml version="1.0" encoding="UTF-8"?>
<!-- Generated by org.testng.reporters.JUnitReportReporter -->
<testsuite skipped="0" hostname="DESKTOP-R0SKLPQ" name="appiumTest.becomeExpert" tests="1" failures="0" timestamp="06 Jun 2019 14:58:48 GMT" time="0.013" errors="0">
  <testcase name="createExpertProfile" time="0.013" classname="appiumTest.becomeExpert"/>
</testsuite> <!-- appiumTest.becomeExpert -->
