<?xml version="1.0" encoding="UTF-8"?>
<!-- Generated by org.testng.reporters.JUnitReportReporter -->
<testsuite skipped="0" hostname="DESKTOP-R0SKLPQ" name="appiumTest.createUser" tests="1" failures="0" timestamp="05 Jun 2019 17:05:37 GMT" time="97.318" errors="0">
  <testcase name="createStandartUser" time="97.318" classname="appiumTest.createUser"/>
</testsuite> <!-- appiumTest.createUser -->
