<?xml version="1.0" encoding="UTF-8"?>
<!-- Generated by org.testng.reporters.JUnitReportReporter -->
<testsuite skipped="0" hostname="DESKTOP-VHPRG2E" name="appiumTest.makeACall" tests="1" failures="0" timestamp="06 Jun 2019 19:55:35 GMT" time="34.582" errors="0">
  <testcase name="doIt" time="34.582" classname="appiumTest.makeACall"/>
</testsuite> <!-- appiumTest.makeACall -->
