<?xml version="1.0" encoding="UTF-8"?>
<!-- Generated by org.testng.reporters.JUnitReportReporter -->
<testsuite skipped="0" hostname="DESKTOP-R0SKLPQ" name="appiumTest.createUser" tests="1" failures="0" timestamp="06 Jun 2019 14:51:49 GMT" time="114.005" errors="0">
  <testcase name="createStandartUser" time="114.005" classname="appiumTest.createUser"/>
</testsuite> <!-- appiumTest.createUser -->
