<?xml version="1.0" encoding="UTF-8"?>
<!-- Generated by org.testng.reporters.JUnitReportReporter -->
<testsuite skipped="0" hostname="DESKTOP-R0SKLPQ" name="appiumTest.searchTest" tests="1" failures="0" timestamp="10 Jun 2019 13:18:23 GMT" time="82.917" errors="0">
  <testcase name="searchTextFileForUser" time="82.917" classname="appiumTest.searchTest"/>
</testsuite> <!-- appiumTest.searchTest -->
