<?xml version="1.0" encoding="UTF-8"?>
<!-- Generated by org.testng.reporters.JUnitReportReporter -->
<testsuite skipped="0" hostname="DESKTOP-VHPRG2E" name="appiumTest.searchTest" tests="1" failures="0" timestamp="04 Jun 2019 20:23:16 GMT" time="17.025" errors="0">
  <testcase name="searchTextFileForUser" time="17.025" classname="appiumTest.searchTest"/>
</testsuite> <!-- appiumTest.searchTest -->
