<?xml version="1.0" encoding="UTF-8"?>
<!-- Generated by org.testng.reporters.JUnitReportReporter -->
<testsuite skipped="0" hostname="DESKTOP-R0SKLPQ" name="appiumTest.CreateUser" tests="1" failures="0" timestamp="11 Jun 2019 17:09:12 GMT" time="150.627" errors="0">
  <testcase name="createStandartUser" time="150.627" classname="appiumTest.CreateUser"/>
</testsuite> <!-- appiumTest.CreateUser -->
