<?xml version="1.0" encoding="UTF-8"?>
<!-- Generated by org.testng.reporters.JUnitReportReporter -->
<testsuite skipped="0" hostname="DESKTOP-R0SKLPQ" name="appiumTest.searchTest" tests="1" failures="0" timestamp="05 Jun 2019 17:09:33 GMT" time="15.678" errors="0">
  <testcase name="searchTextFileForUser" time="15.678" classname="appiumTest.searchTest"/>
</testsuite> <!-- appiumTest.searchTest -->
