<?xml version="1.0" encoding="UTF-8"?>
<!-- Generated by org.testng.reporters.JUnitReportReporter -->
<testsuite skipped="0" hostname="DESKTOP-R0SKLPQ" name="appiumTest.createUser" tests="1" failures="0" timestamp="06 Jun 2019 20:08:42 GMT" time="117.646" errors="0">
  <testcase name="createStandartUser" time="117.646" classname="appiumTest.createUser"/>
</testsuite> <!-- appiumTest.createUser -->
