<?xml version="1.0" encoding="UTF-8"?>
<!-- Generated by org.testng.reporters.JUnitReportReporter -->
<testsuite skipped="0" hostname="DESKTOP-R0SKLPQ" name="appiumTest.createUser" tests="1" failures="0" timestamp="07 Jun 2019 18:48:35 GMT" time="134.393" errors="0">
  <testcase name="createStandartUser" time="134.393" classname="appiumTest.createUser"/>
</testsuite> <!-- appiumTest.createUser -->
