<?xml version="1.0" encoding="UTF-8"?>
<!-- Generated by org.testng.reporters.JUnitReportReporter -->
<testsuite skipped="0" hostname="DESKTOP-VHPRG2E" name="appiumTest.searchTest" tests="1" failures="0" timestamp="05 Jun 2019 15:02:10 GMT" time="16.733" errors="0">
  <testcase name="searchTextFileForUser" time="16.733" classname="appiumTest.searchTest"/>
</testsuite> <!-- appiumTest.searchTest -->
